Using pre-set license
Built from '2020.2/staging' branch; Version is '2020.2.7f1 (c53830e277f1) revision 12924976'; Using compiler version '192528614'; Build Type 'Release'
OS: 'Windows 10 Home; OS build 19041.928; Version 2004; 64bit' Language: 'en' Physical Memory: 7549 MB
BatchMode: 1, IsHumanControllingUs: 0, StartBugReporterOnCrash: 0, Is64bit: 1, IsPro: 0

 COMMAND LINE ARGUMENTS:
C:\Users\martin\Desktop\Unity.Games\2020.2.7f1\Editor\Unity.exe
-adb2
-batchMode
-noUpm
-name
AssetImportWorker0
-projectPath
C:/Users/marti/Desktop/Martin-main/Platformer
-logFile
Logs/AssetImportWorker0.log
-srvPort
54660
Successfully changed project path to: C:/Users/marti/Desktop/Martin-main/Platformer
C:/Users/marti/Desktop/Martin-main/Platformer
Using Asset Import Pipeline V2.
Refreshing native plugins compatible for Editor in 60.67 ms, found 1 plugins.
Preloading 0 native plugins for Editor in 0.00 ms.
Initialize engine version: 2020.2.7f1 (c53830e277f1)
[Subsystems] Discovering subsystems at path C:/Users/martin/Desktop/Unity.Games/2020.2.7f1/Editor/Data/Resources/UnitySubsystems
[Subsystems] Discovering subsystems at path C:/Users/marti/Desktop/Martin-main/Platformer/Assets
GfxDevice: creating device client; threaded=0
Direct3D:
    Version:  Direct3D 11.0 [level 11.1]
    Renderer: NVIDIA GeForce GTX 1650 (ID=0x1f99)
    Vendor:   
    VRAM:     3962 MB
    Driver:   27.21.14.5256
Initialize mono
Mono path[0] = 'C:/Users/martin/Desktop/Unity.Games/2020.2.7f1/Editor/Data/Managed'
Mono path[1] = 'C:/Users/martin/Desktop/Unity.Games/2020.2.7f1/Editor/Data/MonoBleedingEdge/lib/mono/unityjit'
Mono config path = 'C:/Users/martin/Desktop/Unity.Games/2020.2.7f1/Editor/Data/MonoBleedingEdge/etc'
Using monoOptions --debugger-agent=transport=dt_socket,embedding=1,server=y,suspend=n,address=127.0.0.1:56916
Begin MonoManager ReloadAssembly
Registering precompiled unity dll's ...
Register platform support module: C:/Users/martin/Desktop/Unity.Games/2020.2.7f1/Editor/Data/PlaybackEngines/WindowsStandaloneSupport/UnityEditor.WindowsStandalone.Extensions.dll
Registered in 0.005636 seconds.
Native extension for WindowsStandalone target not found
Refreshing native plugins compatible for Editor in 61.27 ms, found 1 plugins.
Preloading 0 native plugins for Editor in 0.00 ms.
Invoked RoslynAnalysisRunner static constructor.
RoslynAnalysisRunner will not be running.
RoslynAnalysisRunner has terminated.
Mono: successfully reloaded assembly
- Completed reload, in  2.933 seconds
Platform modules already initialized, skipping
Registering precompiled user dll's ...
Registered in 0.003679 seconds.
Begin MonoManager ReloadAssembly
Native extension for WindowsStandalone target not found
Refreshing native plugins compatible for Editor in 41.20 ms, found 1 plugins.
Preloading 0 native plugins for Editor in 0.00 ms.
Invoked RoslynAnalysisRunner static constructor.
RoslynAnalysisRunner will not be running.
RoslynAnalysisRunner has terminated.
Mono: successfully reloaded assembly
- Completed reload, in  1.290 seconds
Platform modules already initialized, skipping
========================================================================
Worker process is ready to serve import requests
Launched and connected shader compiler UnityShaderCompiler.exe after 0.09 seconds
Refreshing native plugins compatible for Editor in 0.38 ms, found 1 plugins.
Preloading 0 native plugins for Editor in 0.00 ms.
Unloading 1820 Unused Serialized files (Serialized files now loaded: 0)
System memory in use before: 85.1 MB.
System memory in use after: 85.2 MB.

Unloading 19 unused Assets to reduce memory usage. Loaded Objects now: 2268.
Total: 2.801100 ms (FindLiveObjects: 0.428100 ms CreateObjectMapping: 0.118100 ms MarkObjects: 2.161600 ms  DeleteObjects: 0.089900 ms)

========================================================================
Received Import Request.
  path: Assets/Stuffs/Scripts/Heart.cs
  artifactKey: Guid(91b687e040566244898b1fd04c45420a) Importer(815301076,1909f56bfc062723c751e8b465ee728b)
Start importing Assets/Stuffs/Scripts/Heart.cs using Guid(91b687e040566244898b1fd04c45420a) Importer(815301076,1909f56bfc062723c751e8b465ee728b)  -> (artifact id: 'a3a6c2392d13d738276ef2f4c0c909a6') in 0.065151 seconds
  Import took 0.070337 seconds .

========================================================================
Received Prepare
Registering precompiled user dll's ...
Registered in 0.003282 seconds.
Begin MonoManager ReloadAssembly
Native extension for WindowsStandalone target not found
Refreshing native plugins compatible for Editor in 0.66 ms, found 1 plugins.
Preloading 0 native plugins for Editor in 0.00 ms.
Invoked RoslynAnalysisRunner static constructor.
RoslynAnalysisRunner will not be running.
RoslynAnalysisRunner has terminated.
Mono: successfully reloaded assembly
- Completed reload, in  0.998 seconds
Platform modules already initialized, skipping
Refreshing native plugins compatible for Editor in 1.19 ms, found 1 plugins.
Preloading 0 native plugins for Editor in 0.00 ms.
Unloading 1810 Unused Serialized files (Serialized files now loaded: 0)
System memory in use before: 84.7 MB.
System memory in use after: 84.8 MB.

Unloading 7 unused Assets to reduce memory usage. Loaded Objects now: 2272.
Total: 5.795700 ms (FindLiveObjects: 0.807600 ms CreateObjectMapping: 0.185800 ms MarkObjects: 4.705500 ms  DeleteObjects: 0.092400 ms)

========================================================================
Received Prepare
Registering precompiled user dll's ...
Registered in 0.005460 seconds.
Begin MonoManager ReloadAssembly
Native extension for WindowsStandalone target not found
Refreshing native plugins compatible for Editor in 1.25 ms, found 1 plugins.
Preloading 0 native plugins for Editor in 0.00 ms.
Invoked RoslynAnalysisRunner static constructor.
RoslynAnalysisRunner will not be running.
RoslynAnalysisRunner has terminated.
Mono: successfully reloaded assembly
- Completed reload, in  1.183 seconds
Platform modules already initialized, skipping
Refreshing native plugins compatible for Editor in 1.01 ms, found 1 plugins.
Preloading 0 native plugins for Editor in 0.00 ms.
Unloading 1810 Unused Serialized files (Serialized files now loaded: 0)
System memory in use before: 84.7 MB.
System memory in use after: 84.8 MB.

Unloading 7 unused Assets to reduce memory usage. Loaded Objects now: 2276.
Total: 6.140800 ms (FindLiveObjects: 0.881100 ms CreateObjectMapping: 0.192700 ms MarkObjects: 5.010400 ms  DeleteObjects: 0.048400 ms)

========================================================================
Received Prepare
Registering precompiled user dll's ...
Registered in 0.002389 seconds.
Begin MonoManager ReloadAssembly
Native extension for WindowsStandalone target not found
Refreshing native plugins compatible for Editor in 1.08 ms, found 1 plugins.
Preloading 0 native plugins for Editor in 0.00 ms.
Invoked RoslynAnalysisRunner static constructor.
RoslynAnalysisRunner will not be running.
RoslynAnalysisRunner has terminated.
Mono: successfully reloaded assembly
- Completed reload, in  1.809 seconds
Platform modules already initialized, skipping
Refreshing native plugins compatible for Editor in 1.91 ms, found 1 plugins.
Preloading 0 native plugins for Editor in 0.00 ms.
Unloading 1810 Unused Serialized files (Serialized files now loaded: 0)
System memory in use before: 84.7 MB.
System memory in use after: 84.8 MB.

Unloading 7 unused Assets to reduce memory usage. Loaded Objects now: 2280.
Total: 4.662400 ms (FindLiveObjects: 0.839100 ms CreateObjectMapping: 0.161000 ms MarkObjects: 3.615500 ms  DeleteObjects: 0.042100 ms)

========================================================================
Received Prepare
Registering precompiled user dll's ...
Registered in 0.002529 seconds.
Begin MonoManager ReloadAssembly
Native extension for WindowsStandalone target not found
Refreshing native plugins compatible for Editor in 0.97 ms, found 1 plugins.
Preloading 0 native plugins for Editor in 0.00 ms.
Invoked RoslynAnalysisRunner static constructor.
RoslynAnalysisRunner will not be running.
RoslynAnalysisRunner has terminated.
Mono: successfully reloaded assembly
- Completed reload, in  1.158 seconds
Platform modules already initialized, skipping
Refreshing native plugins compatible for Editor in 0.91 ms, found 1 plugins.
Preloading 0 native plugins for Editor in 0.00 ms.
Unloading 1810 Unused Serialized files (Serialized files now loaded: 0)
System memory in use before: 84.7 MB.
System memory in use after: 84.8 MB.

Unloading 7 unused Assets to reduce memory usage. Loaded Objects now: 2284.
Total: 3.939300 ms (FindLiveObjects: 0.586500 ms CreateObjectMapping: 0.070000 ms MarkObjects: 3.231000 ms  DeleteObjects: 0.047900 ms)

========================================================================
Received Import Request.
  Time since last request: 815.546424 seconds.
  path: Assets/Sprites/Backgrounds/Pyramid Background/Background.png
  artifactKey: Guid(c30ed21ba409b7e45ae1b3099dda84e4) Importer(815301076,1909f56bfc062723c751e8b465ee728b)
Start importing Assets/Sprites/Backgrounds/Pyramid Background/Background.png using Guid(c30ed21ba409b7e45ae1b3099dda84e4) Importer(815301076,1909f56bfc062723c751e8b465ee728b)  -> (artifact id: 'a972e79186eb865f2b6a4f04a6bc005a') in 0.175275 seconds
  Import took 0.181501 seconds .

========================================================================
Received Import Request.
  Time since last request: 0.000445 seconds.
  path: Assets/Sprites/Backgrounds/Tree In The Mist Background/Background.png
  artifactKey: Guid(38033f48c38cae2418df37701d58ab0f) Importer(815301076,1909f56bfc062723c751e8b465ee728b)
Start importing Assets/Sprites/Backgrounds/Tree In The Mist Background/Background.png using Guid(38033f48c38cae2418df37701d58ab0f) Importer(815301076,1909f56bfc062723c751e8b465ee728b)  -> (artifact id: '9a3c5fc7a509a055b63cc4ecb14e4f37') in 0.025350 seconds
  Import took 0.031360 seconds .

========================================================================
Received Import Request.
  Time since last request: 0.000415 seconds.
  path: Assets/Sprites/Backgrounds/Cozy Background/Background.png
  artifactKey: Guid(6fa10a83692aa804195f1ad0ba465efc) Importer(815301076,1909f56bfc062723c751e8b465ee728b)
Start importing Assets/Sprites/Backgrounds/Cozy Background/Background.png using Guid(6fa10a83692aa804195f1ad0ba465efc) Importer(815301076,1909f56bfc062723c751e8b465ee728b)  -> (artifact id: '1e82ba08bbfe39eef940390a2992d378') in 0.021541 seconds
  Import took 0.027763 seconds .

========================================================================
Received Import Request.
  Time since last request: 0.000293 seconds.
  path: Assets/Sprites/Backgrounds/Mist Background/Background.png
  artifactKey: Guid(0327496c3c78f78419786499433a4c02) Importer(815301076,1909f56bfc062723c751e8b465ee728b)
Start importing Assets/Sprites/Backgrounds/Mist Background/Background.png using Guid(0327496c3c78f78419786499433a4c02) Importer(815301076,1909f56bfc062723c751e8b465ee728b)  -> (artifact id: 'daf43de4a42c28c4a9e54b2778573cd0') in 0.022167 seconds
  Import took 0.028998 seconds .

========================================================================
Received Import Request.
  Time since last request: 0.000443 seconds.
  path: Assets/Sprites/Backgrounds/Nature Mountain Background/Background.png
  artifactKey: Guid(e91b78693ad4a214dbb737f5ab3f8620) Importer(815301076,1909f56bfc062723c751e8b465ee728b)
Start importing Assets/Sprites/Backgrounds/Nature Mountain Background/Background.png using Guid(e91b78693ad4a214dbb737f5ab3f8620) Importer(815301076,1909f56bfc062723c751e8b465ee728b)  -> (artifact id: 'bec7b6381d53a66e732862250d883695') in 0.018856 seconds
  Import took 0.024807 seconds .

========================================================================
Received Import Request.
  Time since last request: 0.000244 seconds.
  path: Assets/Sprites/Backgrounds/The Mist Background/Background.png
  artifactKey: Guid(7967997d8d5298942b333d86f74808d3) Importer(815301076,1909f56bfc062723c751e8b465ee728b)
Start importing Assets/Sprites/Backgrounds/The Mist Background/Background.png using Guid(7967997d8d5298942b333d86f74808d3) Importer(815301076,1909f56bfc062723c751e8b465ee728b)  -> (artifact id: '9b245f8e99e1e451ab9e3b8634c248b3') in 0.025346 seconds
  Import took 0.031022 seconds .

========================================================================
Received Import Request.
  Time since last request: 0.000416 seconds.
  path: Assets/Sprites/Backgrounds/Free Background/Background.png
  artifactKey: Guid(c23c35748f787ad47b09bdb1a1017335) Importer(815301076,1909f56bfc062723c751e8b465ee728b)
Start importing Assets/Sprites/Backgrounds/Free Background/Background.png using Guid(c23c35748f787ad47b09bdb1a1017335) Importer(815301076,1909f56bfc062723c751e8b465ee728b)  -> (artifact id: '7928f0757876ab185213cf43d3ba6b59') in 0.024404 seconds
  Import took 0.032153 seconds .

========================================================================
Received Import Request.
  Time since last request: 0.000591 seconds.
  path: Assets/Sprites/Backgrounds/Mist Ghost Background/Background.png
  artifactKey: Guid(5aeb6ec5900136a40a1b8d5a441650be) Importer(815301076,1909f56bfc062723c751e8b465ee728b)
Start importing Assets/Sprites/Backgrounds/Mist Ghost Background/Background.png using Guid(5aeb6ec5900136a40a1b8d5a441650be) Importer(815301076,1909f56bfc062723c751e8b465ee728b)  -> (artifact id: '33a83df5c5a89f875c0225ceb6f4e078') in 0.030431 seconds
  Import took 0.036538 seconds .

========================================================================
Received Import Request.
  Time since last request: 0.000399 seconds.
  path: Assets/Sprites/Backgrounds/Fence Background/Background.png
  artifactKey: Guid(7356cbd98ce3e3a4cb6670030fa15e4e) Importer(815301076,1909f56bfc062723c751e8b465ee728b)
Start importing Assets/Sprites/Backgrounds/Fence Background/Background.png using Guid(7356cbd98ce3e3a4cb6670030fa15e4e) Importer(815301076,1909f56bfc062723c751e8b465ee728b)  -> (artifact id: '85f39019c173a6e14b5404dcc7838d9d') in 0.024914 seconds
  Import took 0.030130 seconds .

========================================================================
Received Import Request.
  Time since last request: 0.000485 seconds.
  path: Assets/Sprites/Backgrounds/Mist Ghost Background/Background.png
  artifactKey: Guid(5aeb6ec5900136a40a1b8d5a441650be) Importer(815301076,1909f56bfc062723c751e8b465ee728b)
Start importing Assets/Sprites/Backgrounds/Mist Ghost Background/Background.png using Guid(5aeb6ec5900136a40a1b8d5a441650be) Importer(815301076,1909f56bfc062723c751e8b465ee728b)  -> (artifact id: '33a83df5c5a89f875c0225ceb6f4e078') in 0.025058 seconds
  Import took 0.030357 seconds .

========================================================================
Received Import Request.
  Time since last request: 10.820496 seconds.
  path: Assets/Sprites/Backgrounds/Cozy Background/Tile.png
  artifactKey: Guid(bf4b8c16802aeac4c84080d10b61e08c) Importer(815301076,1909f56bfc062723c751e8b465ee728b)
Start importing Assets/Sprites/Backgrounds/Cozy Background/Tile.png using Guid(bf4b8c16802aeac4c84080d10b61e08c) Importer(815301076,1909f56bfc062723c751e8b465ee728b)  -> (artifact id: '2274af31f44b6fba9d9dd89b1d823380') in 0.026548 seconds
  Import took 0.046194 seconds .

========================================================================
Received Import Request.
  Time since last request: 0.001275 seconds.
  path: Assets/Sprites/Backgrounds/Mist Ghost Background/Tile.png
  artifactKey: Guid(20e3fa140652e6a47a7726cae910559a) Importer(815301076,1909f56bfc062723c751e8b465ee728b)
Start importing Assets/Sprites/Backgrounds/Mist Ghost Background/Tile.png using Guid(20e3fa140652e6a47a7726cae910559a) Importer(815301076,1909f56bfc062723c751e8b465ee728b)  -> (artifact id: '6227849043dad1a9a3e74be0951d8e11') in 0.036607 seconds
  Import took 0.042505 seconds .

========================================================================
Received Import Request.
  Time since last request: 0.000454 seconds.
  path: Assets/Sprites/Backgrounds/Tree In The Mist Background/Tile1.png
  artifactKey: Guid(7ddfe836ab204e24497d151c5cdc197e) Importer(815301076,1909f56bfc062723c751e8b465ee728b)
Start importing Assets/Sprites/Backgrounds/Tree In The Mist Background/Tile1.png using Guid(7ddfe836ab204e24497d151c5cdc197e) Importer(815301076,1909f56bfc062723c751e8b465ee728b)  -> (artifact id: '9ce32c2cec722375c89e283efee8be44') in 0.026954 seconds
  Import took 0.032767 seconds .

========================================================================
Received Import Request.
  Time since last request: 0.000363 seconds.
  path: Assets/Sprites/Backgrounds/Tree In The Mist Background/Tile3.png
  artifactKey: Guid(7eb904f1e1ef25d438f7a6a6f488ad7e) Importer(815301076,1909f56bfc062723c751e8b465ee728b)
Start importing Assets/Sprites/Backgrounds/Tree In The Mist Background/Tile3.png using Guid(7eb904f1e1ef25d438f7a6a6f488ad7e) Importer(815301076,1909f56bfc062723c751e8b465ee728b)  -> (artifact id: '592037e59e639d5bc8e4dd3700f9cd56') in 0.032454 seconds
  Import took 0.041001 seconds .

========================================================================
Received Import Request.
  Time since last request: 0.000658 seconds.
  path: Assets/Sprites/Backgrounds/Tree In The Mist Background/Tile2.png
  artifactKey: Guid(54e45fbda0244c24c9d2ea00d36340d6) Importer(815301076,1909f56bfc062723c751e8b465ee728b)
Start importing Assets/Sprites/Backgrounds/Tree In The Mist Background/Tile2.png using Guid(54e45fbda0244c24c9d2ea00d36340d6) Importer(815301076,1909f56bfc062723c751e8b465ee728b)  -> (artifact id: 'eb8d8a81ae7717b1006374d5b0b8a032') in 0.027450 seconds
  Import took 0.035621 seconds .

========================================================================
Received Import Request.
  Time since last request: 0.000556 seconds.
  path: Assets/Sprites/Backgrounds/Pyramid Background/Tile.png
  artifactKey: Guid(88c5be7b31a148e45b4da518f0f0a554) Importer(815301076,1909f56bfc062723c751e8b465ee728b)
Start importing Assets/Sprites/Backgrounds/Pyramid Background/Tile.png using Guid(88c5be7b31a148e45b4da518f0f0a554) Importer(815301076,1909f56bfc062723c751e8b465ee728b)  -> (artifact id: '8e88135e8e6535ad8a99cf8f8eb39fc6') in 0.019845 seconds
  Import took 0.025347 seconds .

========================================================================
Received Import Request.
  Time since last request: 0.000472 seconds.
  path: Assets/Sprites/Backgrounds/Nature Mountain Background/Tile.png
  artifactKey: Guid(7f765af99df2343439270a85de348d10) Importer(815301076,1909f56bfc062723c751e8b465ee728b)
Start importing Assets/Sprites/Backgrounds/Nature Mountain Background/Tile.png using Guid(7f765af99df2343439270a85de348d10) Importer(815301076,1909f56bfc062723c751e8b465ee728b)  -> (artifact id: 'aae7b9cc5a57688f24a49c7417da8ae3') in 0.034745 seconds
  Import took 0.040713 seconds .

========================================================================
Received Import Request.
  Time since last request: 0.000549 seconds.
  path: Assets/Sprites/Backgrounds/Fence Background/Tile.png
  artifactKey: Guid(8ce2ee2e1f4d95b45b8507426c61d6de) Importer(815301076,1909f56bfc062723c751e8b465ee728b)
Start importing Assets/Sprites/Backgrounds/Fence Background/Tile.png using Guid(8ce2ee2e1f4d95b45b8507426c61d6de) Importer(815301076,1909f56bfc062723c751e8b465ee728b)  -> (artifact id: '3c3590ad223618b020177e732f15a54c') in 0.029073 seconds
  Import took 0.037741 seconds .

========================================================================
Received Import Request.
  Time since last request: 0.000540 seconds.
  path: Assets/Sprites/Backgrounds/Free Background/Tile.png
  artifactKey: Guid(e7c5fac91b61bd14da8ee3f77ea200d0) Importer(815301076,1909f56bfc062723c751e8b465ee728b)
Start importing Assets/Sprites/Backgrounds/Free Background/Tile.png using Guid(e7c5fac91b61bd14da8ee3f77ea200d0) Importer(815301076,1909f56bfc062723c751e8b465ee728b)  -> (artifact id: 'd7bd8f36d408f369624146d4fbf60300') in 0.031438 seconds
  Import took 0.037233 seconds .

========================================================================
Received Import Request.
  Time since last request: 290.946737 seconds.
  path: Assets/Sprites/Items/Shining
  artifactKey: Guid(a9159b185545a604c92c44b6baaaeb7b) Importer(815301076,1909f56bfc062723c751e8b465ee728b)
Start importing Assets/Sprites/Items/Shining using Guid(a9159b185545a604c92c44b6baaaeb7b) Importer(815301076,1909f56bfc062723c751e8b465ee728b)  -> (artifact id: '42949cddd06813c700ef7ea23cc5f7be') in 0.014953 seconds
  Import took 0.023633 seconds .

========================================================================
Received Import Request.
  Time since last request: 2.147437 seconds.
  path: Assets/Sprites/Items/Shining/Power Ups
  artifactKey: Guid(cbfd2b3d89f523042920a2db21bff2b3) Importer(815301076,1909f56bfc062723c751e8b465ee728b)
Start importing Assets/Sprites/Items/Shining/Power Ups using Guid(cbfd2b3d89f523042920a2db21bff2b3) Importer(815301076,1909f56bfc062723c751e8b465ee728b)  -> (artifact id: '65c3f235f46f1cce125652a3f7acd5ca') in 0.005890 seconds
  Import took 0.011801 seconds .

========================================================================
Received Import Request.
  Time since last request: 0.062568 seconds.
  path: Assets/Sprites/Items/Shining/Power Ups/frame-1.png
  artifactKey: Guid(a290c4305ee860c43be6e41fcb72265c) Importer(815301076,1909f56bfc062723c751e8b465ee728b)
Start importing Assets/Sprites/Items/Shining/Power Ups/frame-1.png using Guid(a290c4305ee860c43be6e41fcb72265c) Importer(815301076,1909f56bfc062723c751e8b465ee728b)  -> (artifact id: '1f41283541cba68f990dc022831699ab') in 0.027567 seconds
  Import took 0.031634 seconds .

========================================================================
Received Import Request.
  Time since last request: 0.000211 seconds.
  path: Assets/Sprites/Items/Shining/Power Ups/frame-4.png
  artifactKey: Guid(939fa914f13ca79499d52d60e3189321) Importer(815301076,1909f56bfc062723c751e8b465ee728b)
Start importing Assets/Sprites/Items/Shining/Power Ups/frame-4.png using Guid(939fa914f13ca79499d52d60e3189321) Importer(815301076,1909f56bfc062723c751e8b465ee728b)  -> (artifact id: '06babc917ec217aa49b0e5e0c08fe9a5') in 0.027131 seconds
  Import took 0.031234 seconds .

========================================================================
Received Import Request.
  Time since last request: 0.000535 seconds.
  path: Assets/Sprites/Items/Shining/Power Ups/frame-3.png
  artifactKey: Guid(2c3f9ee59bb4e4e4b8fda9bebe6fbee1) Importer(815301076,1909f56bfc062723c751e8b465ee728b)
Start importing Assets/Sprites/Items/Shining/Power Ups/frame-3.png using Guid(2c3f9ee59bb4e4e4b8fda9bebe6fbee1) Importer(815301076,1909f56bfc062723c751e8b465ee728b)  -> (artifact id: 'a207c732ccac490481c579d0b618dd0c') in 0.025053 seconds
  Import took 0.035667 seconds .

========================================================================
Received Import Request.
  Time since last request: 0.001108 seconds.
  path: Assets/Sprites/Items/Shining/Power Ups/frame-6.png
  artifactKey: Guid(7aa1ea25cb5f7a04ab26d7ada2d6a54f) Importer(815301076,1909f56bfc062723c751e8b465ee728b)
Start importing Assets/Sprites/Items/Shining/Power Ups/frame-6.png using Guid(7aa1ea25cb5f7a04ab26d7ada2d6a54f) Importer(815301076,1909f56bfc062723c751e8b465ee728b)  -> (artifact id: '26095674fa54e46c20003ee308a233eb') in 0.033067 seconds
  Import took 0.042642 seconds .

========================================================================
Received Import Request.
  Time since last request: 0.000602 seconds.
  path: Assets/Sprites/Items/Shining/Power Ups/frame-5.png
  artifactKey: Guid(d15246b131478e441a86133e37c4249f) Importer(815301076,1909f56bfc062723c751e8b465ee728b)
Start importing Assets/Sprites/Items/Shining/Power Ups/frame-5.png using Guid(d15246b131478e441a86133e37c4249f) Importer(815301076,1909f56bfc062723c751e8b465ee728b)  -> (artifact id: 'f2b019fb39d5e8d7992199e157dcf689') in 0.025463 seconds
  Import took 0.031598 seconds .

========================================================================
Received Import Request.
  Time since last request: 0.000681 seconds.
  path: Assets/Sprites/Items/Shining/Power Ups/frame-9.png
  artifactKey: Guid(5e4ce75f6928f4b4994ac3b5e37a49ab) Importer(815301076,1909f56bfc062723c751e8b465ee728b)
Start importing Assets/Sprites/Items/Shining/Power Ups/frame-9.png using Guid(5e4ce75f6928f4b4994ac3b5e37a49ab) Importer(815301076,1909f56bfc062723c751e8b465ee728b)  -> (artifact id: 'b4eabcf454f362d2a588eea3a6af722e') in 0.032862 seconds
  Import took 0.039719 seconds .

========================================================================
Received Import Request.
  Time since last request: 0.000538 seconds.
  path: Assets/Sprites/Items/Shining/Power Ups/frame-10.png
  artifactKey: Guid(6450b8a0b7726314bbbf2727bfa20ace) Importer(815301076,1909f56bfc062723c751e8b465ee728b)
Start importing Assets/Sprites/Items/Shining/Power Ups/frame-10.png using Guid(6450b8a0b7726314bbbf2727bfa20ace) Importer(815301076,1909f56bfc062723c751e8b465ee728b)  -> (artifact id: '736125bce8a1e748b47abf62d8b34fcb') in 0.024522 seconds
  Import took 0.031795 seconds .

========================================================================
Received Import Request.
  Time since last request: 0.000530 seconds.
  path: Assets/Sprites/Items/Shining/Power Ups/frame-8.png
  artifactKey: Guid(941093f986172f84bac91009a11f6f52) Importer(815301076,1909f56bfc062723c751e8b465ee728b)
Start importing Assets/Sprites/Items/Shining/Power Ups/frame-8.png using Guid(941093f986172f84bac91009a11f6f52) Importer(815301076,1909f56bfc062723c751e8b465ee728b)  -> (artifact id: '8dffebe19e5a3d6dce366fd24b803848') in 0.024631 seconds
  Import took 0.031772 seconds .

========================================================================
Received Import Request.
  Time since last request: 0.000770 seconds.
  path: Assets/Sprites/Items/Shining/Power Ups/frame-2.png
  artifactKey: Guid(c239b0822f8c83f4e96ec6a1c458c98e) Importer(815301076,1909f56bfc062723c751e8b465ee728b)
Start importing Assets/Sprites/Items/Shining/Power Ups/frame-2.png using Guid(c239b0822f8c83f4e96ec6a1c458c98e) Importer(815301076,1909f56bfc062723c751e8b465ee728b)  -> (artifact id: '15b04d97626fac4892e5630002506f19') in 0.023654 seconds
  Import took 0.031237 seconds .

========================================================================
Received Import Request.
  Time since last request: 0.000461 seconds.
  path: Assets/Sprites/Items/Shining/Power Ups/frame-7.png
  artifactKey: Guid(aca5212657389b6419b5b7f66676d3f9) Importer(815301076,1909f56bfc062723c751e8b465ee728b)
Start importing Assets/Sprites/Items/Shining/Power Ups/frame-7.png using Guid(aca5212657389b6419b5b7f66676d3f9) Importer(815301076,1909f56bfc062723c751e8b465ee728b)  -> (artifact id: 'c630bf2e41b19f7e3601e1f8e3ffc225') in 0.030477 seconds
  Import took 0.036199 seconds .

========================================================================
Received Import Request.
  Time since last request: 1.294849 seconds.
  path: Assets/Sprites/Items/Shining/Health/frame-1.png
  artifactKey: Guid(78a274285bf405545912e88b9fc8ec1d) Importer(815301076,1909f56bfc062723c751e8b465ee728b)
Start importing Assets/Sprites/Items/Shining/Health/frame-1.png using Guid(78a274285bf405545912e88b9fc8ec1d) Importer(815301076,1909f56bfc062723c751e8b465ee728b)  -> (artifact id: '09796ac3e335b61713e96ebf8ad2dbab') in 0.024019 seconds
  Import took 0.030747 seconds .

========================================================================
Received Import Request.
  Time since last request: 0.000461 seconds.
  path: Assets/Sprites/Items/Shining/Health/frame-2.png
  artifactKey: Guid(31f951709b653654094e07261eca9585) Importer(815301076,1909f56bfc062723c751e8b465ee728b)
Start importing Assets/Sprites/Items/Shining/Health/frame-2.png using Guid(31f951709b653654094e07261eca9585) Importer(815301076,1909f56bfc062723c751e8b465ee728b)  -> (artifact id: '401e299eca10a28f0b81eae12046e20b') in 0.023070 seconds
  Import took 0.028432 seconds .

========================================================================
Received Import Request.
  Time since last request: 0.000263 seconds.
  path: Assets/Sprites/Items/Shining/Health/frame-8.png
  artifactKey: Guid(dc87b0bf9cffc9b4e9570f21683d3e0e) Importer(815301076,1909f56bfc062723c751e8b465ee728b)
Start importing Assets/Sprites/Items/Shining/Health/frame-8.png using Guid(dc87b0bf9cffc9b4e9570f21683d3e0e) Importer(815301076,1909f56bfc062723c751e8b465ee728b)  -> (artifact id: 'eb972c029336758f66c86a8d43830ef9') in 0.025619 seconds
  Import took 0.030935 seconds .

========================================================================
Received Import Request.
  Time since last request: 0.000454 seconds.
  path: Assets/Sprites/Items/Shining/Health/frame-5.png
  artifactKey: Guid(95bf2ab0118027f42be596eb64f9a75b) Importer(815301076,1909f56bfc062723c751e8b465ee728b)
Start importing Assets/Sprites/Items/Shining/Health/frame-5.png using Guid(95bf2ab0118027f42be596eb64f9a75b) Importer(815301076,1909f56bfc062723c751e8b465ee728b)  -> (artifact id: '596c23ee0c23ee4ae48708aef5fe9394') in 0.025234 seconds
  Import took 0.031959 seconds .

========================================================================
Received Import Request.
  Time since last request: 0.000247 seconds.
  path: Assets/Sprites/Items/Shining/Health/frame-6.png
  artifactKey: Guid(24bf1a294eefd8f4cb055b0efe943951) Importer(815301076,1909f56bfc062723c751e8b465ee728b)
Start importing Assets/Sprites/Items/Shining/Health/frame-6.png using Guid(24bf1a294eefd8f4cb055b0efe943951) Importer(815301076,1909f56bfc062723c751e8b465ee728b)  -> (artifact id: '1898a5f8c2050d57ec3e8e50248cffb6') in 0.033734 seconds
  Import took 0.041492 seconds .

========================================================================
Received Import Request.
  Time since last request: 0.000366 seconds.
  path: Assets/Sprites/Items/Shining/Health/frame-4.png
  artifactKey: Guid(2f031bdeaae747d4ea46c5381e3f7763) Importer(815301076,1909f56bfc062723c751e8b465ee728b)
Start importing Assets/Sprites/Items/Shining/Health/frame-4.png using Guid(2f031bdeaae747d4ea46c5381e3f7763) Importer(815301076,1909f56bfc062723c751e8b465ee728b)  -> (artifact id: '2ec999556c37d07be007289cfb5ecc6a') in 0.029233 seconds
  Import took 0.039542 seconds .

========================================================================
Received Import Request.
  Time since last request: 0.000664 seconds.
  path: Assets/Sprites/Items/Shining/Health/frame-7.png
  artifactKey: Guid(dd582cd4b31dcb944a957a18c7059431) Importer(815301076,1909f56bfc062723c751e8b465ee728b)
Start importing Assets/Sprites/Items/Shining/Health/frame-7.png using Guid(dd582cd4b31dcb944a957a18c7059431) Importer(815301076,1909f56bfc062723c751e8b465ee728b)  -> (artifact id: '1b44b1d9c8e6c01b561ba0ecb5d27e34') in 0.035256 seconds
  Import took 0.044624 seconds .

========================================================================
Received Import Request.
  Time since last request: 0.000552 seconds.
  path: Assets/Sprites/Items/Shining/Health/frame-3.png
  artifactKey: Guid(9441c7e2b409c0749b7fdd752a692e18) Importer(815301076,1909f56bfc062723c751e8b465ee728b)
Start importing Assets/Sprites/Items/Shining/Health/frame-3.png using Guid(9441c7e2b409c0749b7fdd752a692e18) Importer(815301076,1909f56bfc062723c751e8b465ee728b)  -> (artifact id: '2bcb40762ba46b13be4e47d8674c45c2') in 0.020659 seconds
  Import took 0.028805 seconds .

========================================================================
Received Import Request.
  Time since last request: 4.528241 seconds.
  path: Assets/Sprites/Items/Shining/Coin/frame-1.png
  artifactKey: Guid(13006b8efb355884a803f7bf0dd35993) Importer(815301076,1909f56bfc062723c751e8b465ee728b)
Start importing Assets/Sprites/Items/Shining/Coin/frame-1.png using Guid(13006b8efb355884a803f7bf0dd35993) Importer(815301076,1909f56bfc062723c751e8b465ee728b)  -> (artifact id: '0c64b907ac3b75891464e2dfe0342044') in 0.030671 seconds
  Import took 0.037659 seconds .

========================================================================
Received Import Request.
  Time since last request: 0.000592 seconds.
  path: Assets/Sprites/Items/Shining/Coin/frame-4.png
  artifactKey: Guid(e07fbb6dbfd13f2428b55d77a141be2c) Importer(815301076,1909f56bfc062723c751e8b465ee728b)
Start importing Assets/Sprites/Items/Shining/Coin/frame-4.png using Guid(e07fbb6dbfd13f2428b55d77a141be2c) Importer(815301076,1909f56bfc062723c751e8b465ee728b)  -> (artifact id: '4a79123b7a0580597d2c7b0e3c251669') in 0.032278 seconds
  Import took 0.038608 seconds .

========================================================================
Received Import Request.
  Time since last request: 0.000567 seconds.
  path: Assets/Sprites/Items/Shining/Coin/frame-5.png
  artifactKey: Guid(7fda068e233ddee4bb285a8390686f58) Importer(815301076,1909f56bfc062723c751e8b465ee728b)
Start importing Assets/Sprites/Items/Shining/Coin/frame-5.png using Guid(7fda068e233ddee4bb285a8390686f58) Importer(815301076,1909f56bfc062723c751e8b465ee728b)  -> (artifact id: 'ad19f0fec47c17df4249881bacff47ff') in 0.069995 seconds
  Import took 0.076597 seconds .

========================================================================
Received Import Request.
  Time since last request: 0.000944 seconds.
  path: Assets/Sprites/Items/Shining/Coin/frame-7.png
  artifactKey: Guid(74c50afa208dd2048b11440f7633a9f2) Importer(815301076,1909f56bfc062723c751e8b465ee728b)
Start importing Assets/Sprites/Items/Shining/Coin/frame-7.png using Guid(74c50afa208dd2048b11440f7633a9f2) Importer(815301076,1909f56bfc062723c751e8b465ee728b)  -> (artifact id: '989389773523839bb8b1d141811fe08d') in 0.025921 seconds
  Import took 0.033769 seconds .

========================================================================
Received Import Request.
  Time since last request: 0.000807 seconds.
  path: Assets/Sprites/Items/Shining/Coin/frame-10.png
  artifactKey: Guid(6f59db12820613346b73e5887186efc0) Importer(815301076,1909f56bfc062723c751e8b465ee728b)
Start importing Assets/Sprites/Items/Shining/Coin/frame-10.png using Guid(6f59db12820613346b73e5887186efc0) Importer(815301076,1909f56bfc062723c751e8b465ee728b)  -> (artifact id: '470b218580ddd6875c2e988069a8e37a') in 0.023075 seconds
  Import took 0.033845 seconds .

========================================================================
Received Import Request.
  Time since last request: 0.000219 seconds.
  path: Assets/Sprites/Items/Shining/Coin/frame-8.png
  artifactKey: Guid(fb6025e51587fe84bbe8eac3d057b075) Importer(815301076,1909f56bfc062723c751e8b465ee728b)
Start importing Assets/Sprites/Items/Shining/Coin/frame-8.png using Guid(fb6025e51587fe84bbe8eac3d057b075) Importer(815301076,1909f56bfc062723c751e8b465ee728b)  -> (artifact id: '695c77b76607c8cfb0fa6fd2e00ff575') in 0.025472 seconds
  Import took 0.029996 seconds .

========================================================================
Received Import Request.
  Time since last request: 0.000541 seconds.
  path: Assets/Sprites/Items/Shining/Coin/frame-2.png
  artifactKey: Guid(cd8d41b632eef5f40b64a4ededc972a3) Importer(815301076,1909f56bfc062723c751e8b465ee728b)
Start importing Assets/Sprites/Items/Shining/Coin/frame-2.png using Guid(cd8d41b632eef5f40b64a4ededc972a3) Importer(815301076,1909f56bfc062723c751e8b465ee728b)  -> (artifact id: 'dea46ab5deec6a249feb205567a31f28') in 0.019817 seconds
  Import took 0.024296 seconds .

========================================================================
Received Import Request.
  Time since last request: 0.000279 seconds.
  path: Assets/Sprites/Items/Shining/Coin/frame-6.png
  artifactKey: Guid(542a7c902bf3547438fa76c91ebf75f3) Importer(815301076,1909f56bfc062723c751e8b465ee728b)
Start importing Assets/Sprites/Items/Shining/Coin/frame-6.png using Guid(542a7c902bf3547438fa76c91ebf75f3) Importer(815301076,1909f56bfc062723c751e8b465ee728b)  -> (artifact id: '86b06ac977329412dca2f7eb4068132f') in 0.018619 seconds
  Import took 0.024250 seconds .

========================================================================
Received Import Request.
  Time since last request: 0.000273 seconds.
  path: Assets/Sprites/Items/Shining/Coin/frame-9.png
  artifactKey: Guid(b7075e7d6287b8849b048fa257763857) Importer(815301076,1909f56bfc062723c751e8b465ee728b)
Start importing Assets/Sprites/Items/Shining/Coin/frame-9.png using Guid(b7075e7d6287b8849b048fa257763857) Importer(815301076,1909f56bfc062723c751e8b465ee728b)  -> (artifact id: '992f71d7cff10f313fb6606a08bb5694') in 0.026761 seconds
  Import took 0.030510 seconds .

========================================================================
Received Import Request.
  Time since last request: 0.000472 seconds.
  path: Assets/Sprites/Items/Shining/Coin/frame-3.png
  artifactKey: Guid(1ef93e3c6a1b3494289d5e26a60fa662) Importer(815301076,1909f56bfc062723c751e8b465ee728b)
Start importing Assets/Sprites/Items/Shining/Coin/frame-3.png using Guid(1ef93e3c6a1b3494289d5e26a60fa662) Importer(815301076,1909f56bfc062723c751e8b465ee728b)  -> (artifact id: '3456ed235420495f9e45e1337867b584') in 0.019837 seconds
  Import took 0.026146 seconds .

========================================================================
Received Prepare
Registering precompiled user dll's ...
Registered in 0.002607 seconds.
Begin MonoManager ReloadAssembly
Native extension for WindowsStandalone target not found
Refreshing native plugins compatible for Editor in 1.89 ms, found 1 plugins.
Preloading 0 native plugins for Editor in 0.00 ms.
Invoked RoslynAnalysisRunner static constructor.
RoslynAnalysisRunner will not be running.
RoslynAnalysisRunner has terminated.
Mono: successfully reloaded assembly
- Completed reload, in  1.161 seconds
Platform modules already initialized, skipping
Refreshing native plugins compatible for Editor in 1.60 ms, found 1 plugins.
Preloading 0 native plugins for Editor in 0.00 ms.
Unloading 1810 Unused Serialized files (Serialized files now loaded: 0)
System memory in use before: 87.9 MB.
System memory in use after: 88.0 MB.

Unloading 7 unused Assets to reduce memory usage. Loaded Objects now: 2304.
Total: 4.870800 ms (FindLiveObjects: 0.771100 ms CreateObjectMapping: 0.137700 ms MarkObjects: 3.927000 ms  DeleteObjects: 0.031700 ms)

========================================================================
Received Prepare
Registering precompiled user dll's ...
Registered in 0.001973 seconds.
Begin MonoManager ReloadAssembly
Native extension for WindowsStandalone target not found
Refreshing native plugins compatible for Editor in 1.56 ms, found 1 plugins.
Preloading 0 native plugins for Editor in 0.00 ms.
Invoked RoslynAnalysisRunner static constructor.
RoslynAnalysisRunner will not be running.
RoslynAnalysisRunner has terminated.
Mono: successfully reloaded assembly
- Completed reload, in  1.135 seconds
Platform modules already initialized, skipping
Refreshing native plugins compatible for Editor in 1.31 ms, found 1 plugins.
Preloading 0 native plugins for Editor in 0.00 ms.
Unloading 1811 Unused Serialized files (Serialized files now loaded: 0)
System memory in use before: 87.9 MB.
System memory in use after: 88.0 MB.

Unloading 7 unused Assets to reduce memory usage. Loaded Objects now: 2309.
Total: 3.219400 ms (FindLiveObjects: 0.440300 ms CreateObjectMapping: 0.083800 ms MarkObjects: 2.670200 ms  DeleteObjects: 0.023200 ms)

========================================================================
Received Prepare
Registering precompiled user dll's ...
Registered in 0.001578 seconds.
Begin MonoManager ReloadAssembly
Native extension for WindowsStandalone target not found
Refreshing native plugins compatible for Editor in 0.41 ms, found 1 plugins.
Preloading 0 native plugins for Editor in 0.00 ms.
Invoked RoslynAnalysisRunner static constructor.
RoslynAnalysisRunner will not be running.
RoslynAnalysisRunner has terminated.
Mono: successfully reloaded assembly
- Completed reload, in  1.068 seconds
Platform modules already initialized, skipping
Refreshing native plugins compatible for Editor in 0.75 ms, found 1 plugins.
Preloading 0 native plugins for Editor in 0.00 ms.
Unloading 1811 Unused Serialized files (Serialized files now loaded: 0)
System memory in use before: 87.9 MB.
System memory in use after: 88.0 MB.

Unloading 7 unused Assets to reduce memory usage. Loaded Objects now: 2313.
Total: 4.535800 ms (FindLiveObjects: 0.819300 ms CreateObjectMapping: 0.284800 ms MarkObjects: 3.394200 ms  DeleteObjects: 0.033300 ms)

========================================================================
Received Import Request.
  Time since last request: 349.837857 seconds.
  path: Assets/Stuffs/Scripts/Checkpoint.cs
  artifactKey: Guid(a43e84b47e1760b4e8bfa7584a11018b) Importer(815301076,1909f56bfc062723c751e8b465ee728b)
Start importing Assets/Stuffs/Scripts/Checkpoint.cs using Guid(a43e84b47e1760b4e8bfa7584a11018b) Importer(815301076,1909f56bfc062723c751e8b465ee728b)  -> (artifact id: '9fb1b2d6772b71fe5c664574d70ccd22') in 0.008592 seconds
  Import took 0.013060 seconds .

========================================================================
Received Import Request.
  Time since last request: 168.165396 seconds.
  path: Assets/Stuffs/Scripts/Checkpoint.cs
  artifactKey: Guid(a43e84b47e1760b4e8bfa7584a11018b) Importer(815301076,1909f56bfc062723c751e8b465ee728b)
Start importing Assets/Stuffs/Scripts/Checkpoint.cs using Guid(a43e84b47e1760b4e8bfa7584a11018b) Importer(815301076,1909f56bfc062723c751e8b465ee728b)  -> (artifact id: '7cb31b80c5337c9f85f20fb0e896c09b') in 0.007044 seconds
  Import took 0.027845 seconds .

========================================================================
Received Import Request.
  Time since last request: 0.002070 seconds.
  path: Assets/Stuffs/Scripts/Checkpoint.cs
  artifactKey: Guid(a43e84b47e1760b4e8bfa7584a11018b) Importer(815301076,1909f56bfc062723c751e8b465ee728b)
Start importing Assets/Stuffs/Scripts/Checkpoint.cs using Guid(a43e84b47e1760b4e8bfa7584a11018b) Importer(815301076,1909f56bfc062723c751e8b465ee728b)  -> (artifact id: '7cb31b80c5337c9f85f20fb0e896c09b') in 0.010701 seconds
  Import took 0.019552 seconds .

========================================================================
Received Prepare
Registering precompiled user dll's ...
Registered in 0.002505 seconds.
Begin MonoManager ReloadAssembly
Native extension for WindowsStandalone target not found
Refreshing native plugins compatible for Editor in 0.87 ms, found 1 plugins.
Preloading 0 native plugins for Editor in 0.00 ms.
Invoked RoslynAnalysisRunner static constructor.
RoslynAnalysisRunner will not be running.
RoslynAnalysisRunner has terminated.
Mono: successfully reloaded assembly
- Completed reload, in  1.238 seconds
Platform modules already initialized, skipping
Refreshing native plugins compatible for Editor in 0.66 ms, found 1 plugins.
Preloading 0 native plugins for Editor in 0.00 ms.
Unloading 1811 Unused Serialized files (Serialized files now loaded: 0)
System memory in use before: 87.9 MB.
System memory in use after: 88.1 MB.

Unloading 7 unused Assets to reduce memory usage. Loaded Objects now: 2317.
Total: 5.089800 ms (FindLiveObjects: 0.811800 ms CreateObjectMapping: 0.113700 ms MarkObjects: 4.115100 ms  DeleteObjects: 0.043300 ms)

========================================================================
Received Prepare
Registering precompiled user dll's ...
Registered in 0.001826 seconds.
Begin MonoManager ReloadAssembly
Native extension for WindowsStandalone target not found
Refreshing native plugins compatible for Editor in 1.58 ms, found 1 plugins.
Preloading 0 native plugins for Editor in 0.00 ms.
Invoked RoslynAnalysisRunner static constructor.
RoslynAnalysisRunner will not be running.
RoslynAnalysisRunner has terminated.
Mono: successfully reloaded assembly
- Completed reload, in  1.065 seconds
Platform modules already initialized, skipping
Refreshing native plugins compatible for Editor in 0.93 ms, found 1 plugins.
Preloading 0 native plugins for Editor in 0.00 ms.
Unloading 1811 Unused Serialized files (Serialized files now loaded: 0)
System memory in use before: 87.9 MB.
System memory in use after: 88.1 MB.

Unloading 7 unused Assets to reduce memory usage. Loaded Objects now: 2321.
Total: 2.935600 ms (FindLiveObjects: 0.441700 ms CreateObjectMapping: 0.086500 ms MarkObjects: 2.357000 ms  DeleteObjects: 0.047300 ms)

========================================================================
Received Prepare
Registering precompiled user dll's ...
Registered in 0.001384 seconds.
Begin MonoManager ReloadAssembly
Native extension for WindowsStandalone target not found
Refreshing native plugins compatible for Editor in 1.52 ms, found 1 plugins.
Preloading 0 native plugins for Editor in 0.00 ms.
Invoked RoslynAnalysisRunner static constructor.
RoslynAnalysisRunner will not be running.
RoslynAnalysisRunner has terminated.
Mono: successfully reloaded assembly
- Completed reload, in  1.086 seconds
Platform modules already initialized, skipping
Refreshing native plugins compatible for Editor in 1.03 ms, found 1 plugins.
Preloading 0 native plugins for Editor in 0.00 ms.
Unloading 1811 Unused Serialized files (Serialized files now loaded: 0)
System memory in use before: 88.0 MB.
System memory in use after: 88.1 MB.

Unloading 7 unused Assets to reduce memory usage. Loaded Objects now: 2325.
Total: 4.120800 ms (FindLiveObjects: 0.452200 ms CreateObjectMapping: 0.093800 ms MarkObjects: 3.527300 ms  DeleteObjects: 0.043200 ms)

========================================================================
Received Prepare
Registering precompiled user dll's ...
Registered in 0.001507 seconds.
Begin MonoManager ReloadAssembly
Native extension for WindowsStandalone target not found
Refreshing native plugins compatible for Editor in 1.16 ms, found 1 plugins.
Preloading 0 native plugins for Editor in 0.00 ms.
Invoked RoslynAnalysisRunner static constructor.
RoslynAnalysisRunner will not be running.
RoslynAnalysisRunner has terminated.
Mono: successfully reloaded assembly
- Completed reload, in  1.065 seconds
Platform modules already initialized, skipping
Refreshing native plugins compatible for Editor in 0.95 ms, found 1 plugins.
Preloading 0 native plugins for Editor in 0.00 ms.
Unloading 1811 Unused Serialized files (Serialized files now loaded: 0)
System memory in use before: 88.0 MB.
System memory in use after: 88.1 MB.

Unloading 7 unused Assets to reduce memory usage. Loaded Objects now: 2329.
Total: 2.861200 ms (FindLiveObjects: 0.259100 ms CreateObjectMapping: 0.052800 ms MarkObjects: 2.497600 ms  DeleteObjects: 0.048500 ms)

========================================================================
Received Prepare
Registering precompiled user dll's ...
Registered in 0.001232 seconds.
Begin MonoManager ReloadAssembly
Native extension for WindowsStandalone target not found
Refreshing native plugins compatible for Editor in 0.91 ms, found 1 plugins.
Preloading 0 native plugins for Editor in 0.00 ms.
Invoked RoslynAnalysisRunner static constructor.
RoslynAnalysisRunner will not be running.
RoslynAnalysisRunner has terminated.
Mono: successfully reloaded assembly
- Completed reload, in  1.090 seconds
Platform modules already initialized, skipping
Refreshing native plugins compatible for Editor in 0.94 ms, found 1 plugins.
Preloading 0 native plugins for Editor in 0.00 ms.
Unloading 1811 Unused Serialized files (Serialized files now loaded: 0)
System memory in use before: 88.0 MB.
System memory in use after: 88.1 MB.

Unloading 7 unused Assets to reduce memory usage. Loaded Objects now: 2333.
Total: 5.366600 ms (FindLiveObjects: 0.905700 ms CreateObjectMapping: 0.288600 ms MarkObjects: 4.120900 ms  DeleteObjects: 0.046300 ms)

========================================================================
Received Prepare
Registering precompiled user dll's ...
Registered in 0.002371 seconds.
Begin MonoManager ReloadAssembly
Native extension for WindowsStandalone target not found
Refreshing native plugins compatible for Editor in 0.40 ms, found 1 plugins.
Preloading 0 native plugins for Editor in 0.00 ms.
Invoked RoslynAnalysisRunner static constructor.
RoslynAnalysisRunner will not be running.
RoslynAnalysisRunner has terminated.
Mono: successfully reloaded assembly
- Completed reload, in  1.353 seconds
Platform modules already initialized, skipping
Refreshing native plugins compatible for Editor in 0.84 ms, found 1 plugins.
Preloading 0 native plugins for Editor in 0.00 ms.
Unloading 1811 Unused Serialized files (Serialized files now loaded: 0)
System memory in use before: 88.0 MB.
System memory in use after: 88.1 MB.

Unloading 7 unused Assets to reduce memory usage. Loaded Objects now: 2337.
Total: 7.908500 ms (FindLiveObjects: 1.183200 ms CreateObjectMapping: 0.403500 ms MarkObjects: 6.264500 ms  DeleteObjects: 0.053600 ms)

========================================================================
Received Prepare
Registering precompiled user dll's ...
Registered in 0.002514 seconds.
Begin MonoManager ReloadAssembly
Native extension for WindowsStandalone target not found
Refreshing native plugins compatible for Editor in 1.06 ms, found 1 plugins.
Preloading 0 native plugins for Editor in 0.00 ms.
Invoked RoslynAnalysisRunner static constructor.
RoslynAnalysisRunner will not be running.
RoslynAnalysisRunner has terminated.
Mono: successfully reloaded assembly
- Completed reload, in  1.101 seconds
Platform modules already initialized, skipping
Refreshing native plugins compatible for Editor in 0.75 ms, found 1 plugins.
Preloading 0 native plugins for Editor in 0.00 ms.
Unloading 1811 Unused Serialized files (Serialized files now loaded: 0)
System memory in use before: 88.0 MB.
System memory in use after: 88.1 MB.

Unloading 7 unused Assets to reduce memory usage. Loaded Objects now: 2341.
Total: 4.394700 ms (FindLiveObjects: 0.617400 ms CreateObjectMapping: 0.116100 ms MarkObjects: 3.624200 ms  DeleteObjects: 0.033800 ms)

========================================================================
Received Prepare
Registering precompiled user dll's ...
Registered in 0.001724 seconds.
Begin MonoManager ReloadAssembly
Native extension for WindowsStandalone target not found
Refreshing native plugins compatible for Editor in 1.10 ms, found 1 plugins.
Preloading 0 native plugins for Editor in 0.00 ms.
Invoked RoslynAnalysisRunner static constructor.
RoslynAnalysisRunner will not be running.
RoslynAnalysisRunner has terminated.
Mono: successfully reloaded assembly
- Completed reload, in  1.481 seconds
Platform modules already initialized, skipping
Refreshing native plugins compatible for Editor in 1.11 ms, found 1 plugins.
Preloading 0 native plugins for Editor in 0.00 ms.
Unloading 1811 Unused Serialized files (Serialized files now loaded: 0)
System memory in use before: 88.0 MB.
System memory in use after: 88.1 MB.

Unloading 7 unused Assets to reduce memory usage. Loaded Objects now: 2345.
Total: 6.335700 ms (FindLiveObjects: 1.588700 ms CreateObjectMapping: 0.418000 ms MarkObjects: 4.290700 ms  DeleteObjects: 0.035100 ms)

========================================================================
Received Prepare
Registering precompiled user dll's ...
Registered in 0.006411 seconds.
Begin MonoManager ReloadAssembly
Native extension for WindowsStandalone target not found
Refreshing native plugins compatible for Editor in 1.01 ms, found 1 plugins.
Preloading 0 native plugins for Editor in 0.00 ms.
Invoked RoslynAnalysisRunner static constructor.
RoslynAnalysisRunner will not be running.
RoslynAnalysisRunner has terminated.
Mono: successfully reloaded assembly
- Completed reload, in  1.595 seconds
Platform modules already initialized, skipping
Refreshing native plugins compatible for Editor in 0.97 ms, found 1 plugins.
Preloading 0 native plugins for Editor in 0.00 ms.
Unloading 1811 Unused Serialized files (Serialized files now loaded: 0)
System memory in use before: 88.0 MB.
System memory in use after: 88.1 MB.

Unloading 7 unused Assets to reduce memory usage. Loaded Objects now: 2349.
Total: 4.701300 ms (FindLiveObjects: 0.608100 ms CreateObjectMapping: 0.093000 ms MarkObjects: 3.972500 ms  DeleteObjects: 0.024500 ms)

========================================================================
Received Import Request.
  Time since last request: 1303.768683 seconds.
  path: ProjectSettings/TagManager.asset
  artifactKey: Guid(00000000000000003000000000000000) Importer(815301076,1909f56bfc062723c751e8b465ee728b)
Start importing ProjectSettings/TagManager.asset using Guid(00000000000000003000000000000000) Importer(815301076,1909f56bfc062723c751e8b465ee728b)  -> (artifact id: '2eaa3349c9e40244e4dab48b70f5f6d6') in 0.037028 seconds
  Import took 0.042812 seconds .

========================================================================
Received Prepare
Registering precompiled user dll's ...
Registered in 0.002599 seconds.
Begin MonoManager ReloadAssembly
Native extension for WindowsStandalone target not found
Refreshing native plugins compatible for Editor in 0.75 ms, found 1 plugins.
Preloading 0 native plugins for Editor in 0.00 ms.
Invoked RoslynAnalysisRunner static constructor.
RoslynAnalysisRunner will not be running.
RoslynAnalysisRunner has terminated.
Mono: successfully reloaded assembly
- Completed reload, in  1.304 seconds
Platform modules already initialized, skipping
Refreshing native plugins compatible for Editor in 1.16 ms, found 1 plugins.
Preloading 0 native plugins for Editor in 0.00 ms.
Unloading 1811 Unused Serialized files (Serialized files now loaded: 0)
System memory in use before: 88.0 MB.
System memory in use after: 88.1 MB.

Unloading 8 unused Assets to reduce memory usage. Loaded Objects now: 2353.
Total: 5.105900 ms (FindLiveObjects: 0.912800 ms CreateObjectMapping: 0.252700 ms MarkObjects: 3.890500 ms  DeleteObjects: 0.044600 ms)

========================================================================
Received Prepare
Registering precompiled user dll's ...
Registered in 0.002142 seconds.
Begin MonoManager ReloadAssembly
Native extension for WindowsStandalone target not found
Refreshing native plugins compatible for Editor in 0.94 ms, found 1 plugins.
Preloading 0 native plugins for Editor in 0.00 ms.
Invoked RoslynAnalysisRunner static constructor.
RoslynAnalysisRunner will not be running.
RoslynAnalysisRunner has terminated.
Mono: successfully reloaded assembly
- Completed reload, in  1.527 seconds
Platform modules already initialized, skipping
Refreshing native plugins compatible for Editor in 1.38 ms, found 1 plugins.
Preloading 0 native plugins for Editor in 0.00 ms.
Unloading 1811 Unused Serialized files (Serialized files now loaded: 0)
System memory in use before: 88.0 MB.
System memory in use after: 88.1 MB.

Unloading 7 unused Assets to reduce memory usage. Loaded Objects now: 2357.
Total: 11.910700 ms (FindLiveObjects: 2.557900 ms CreateObjectMapping: 0.817900 ms MarkObjects: 8.486900 ms  DeleteObjects: 0.032300 ms)

AssetImportWorkerClient::OnTransportError - code=2 error=End of file
